<?xml version="1.0"?>
<testsuites failures="0" errors="0" tests="4" skipped="0">
  <testsuite name="Root Suite" timestamp="2023-08-06T05:02:41" tests="0" file="cypress/e2e/parabank/Registro/Registro.cy.js" time="0.000" failures="0"/>
  <testsuite name="Registro" timestamp="2023-08-06T05:02:41" tests="1" time="6.347" failures="0">
    <testcase name="Registro Registro Usuario Exitoso" time="5.256" classname="Registro Usuario Exitoso"/>
  </testsuite>
  <testsuite name="Root Suite" timestamp="2023-08-06T05:02:49" tests="0" file="cypress/e2e/parabank/Transferencia/Transferencia.cy.js" time="0.000" failures="0"/>
  <testsuite name="Traferencia" timestamp="2023-08-06T05:02:49" tests="1" time="4.069" failures="0">
    <testcase name="Traferencia Traferencia Exitosa" time="2.996" classname="Traferencia Exitosa"/>
  </testsuite>
  <testsuite name="Root Suite" timestamp="2023-08-06T05:02:54" tests="0" file="cypress/e2e/parabank/Retiro/RetiroDinero_api.cy.js" time="0.000" failures="0"/>
  <testsuite name="Testing API " timestamp="2023-08-06T05:02:54" tests="1" time="0.221" failures="0">
    <testcase name="Testing API  Retiro de Dinero Exitoso" time="0.229" classname="Retiro de Dinero Exitoso"/>
  </testsuite>
  <testsuite name="Root Suite" timestamp="2023-08-06T05:02:33" tests="0" file="cypress/e2e/parabank/Login/Login.cy.js" time="0.000" failures="0"/>
  <testsuite name="Login" timestamp="2023-08-06T05:02:33" tests="1" time="6.942" failures="0">
    <testcase name="Login Login Exitoso" time="3.670" classname="Login Exitoso"/>
  </testsuite>
</testsuites>